#
# A fatal error has been detected by the Java Runtime Environment:
#
#  EXCEPTION_ACCESS_VIOLATION (0xc0000005) at pc=0x0000000078c319bf, pid=5708, tid=7232
#
# JRE version: 6.0_17-b04
# Java VM: Java HotSpot(TM) 64-Bit Server VM (14.3-b01 mixed mode windows-amd64 )
# Problematic frame:
# V  [jvm.dll+0x3c19bf]
#
# If you would like to submit a bug report, please visit:
#   http://java.sun.com/webapps/bugreport/crash.jsp
#

---------------  T H R E A D  ---------------

Current thread (0x000000000f412000):  VMThread [stack: 0x000000002ddd0000,0x000000002f2d0000] [id=7232]

siginfo: ExceptionCode=0xc0000005, reading address 0xffffffffffffffff

Registers:
EAX=0xfffffffcfffdff03, EBX=0x00000000021b6070, ECX=0x0000000000000000, EDX=0xbfffacedebabbf5e
ESP=0x000000002f2cf8e0, EBP=0x0000000016be1010, ESI=0x0000000016be1010, EDI=0x0000000016be1010
EIP=0x0000000078c319bf, EFLAGS=0x0000000000010246

Top of Stack: (sp=0x000000002f2cf8e0)
0x000000002f2cf8e0:   0000000027623738 0000000027860000
0x000000002f2cf8f0:   00000000021b6070 0000000016be0fc0
0x000000002f2cf900:   0000000000245329 0000000000000000
0x000000002f2cf910:   0000000019a20000 0000000017f0cd58
0x000000002f2cf920:   0000000000000001 0000000078c38b22
0x000000002f2cf930:   00000000021b7690 0000000000000012
0x000000002f2cf940:   00000000021ba560 00000000021b8700
0x000000002f2cf950:   00000000021ba560 0000000078c31019
0x000000002f2cf960:   00000000021b6070 00000000021b8790
0x000000002f2cf970:   00000000021b8790 00000000021ba140
0x000000002f2cf980:   000000000216c990 0000000002db0000
0x000000002f2cf990:   00000000113b2400 000000000000000a
0x000000002f2cf9a0:   0000000a113b0000 00000000021b8700
0x000000002f2cf9b0:   00000000021ba501 00000000021b8700
0x000000002f2cf9c0:   0000000000000012 00000000021b8790
0x000000002f2cf9d0:   00000000021ba560 0000000005de4388 

Instructions: (pc=0x0000000078c319bf)
0x0000000078c319af:   8b 05 23 65 23 00 48 8d 14 c8 eb 04 48 8b 55 08
0x0000000078c319bf:   48 63 4a 18 4c 8d 42 10 8b c1 c1 f8 03 85 c9 7f 


Stack: [0x000000002ddd0000,0x000000002f2d0000],  sp=0x000000002f2cf8e0,  free space=21502k
Native frames: (J=compiled Java code, j=interpreted, Vv=VM code, C=native code)
V  [jvm.dll+0x3c19bf]

VM_Operation (0x000000004112ee20): ParallelGCFailedAllocation, mode: safepoint, requested by thread 0x000000000f6d7000


---------------  P R O C E S S  ---------------

Java Threads: ( => current thread )
  0x000000000f6da800 JavaThread "Code Analyzer updating thread" [_thread_blocked, id=9792, stack(0x00000000346d0000,0x0000000034750000)]
  0x000000000f6de000 JavaThread "FileDecorationCache request queue" [_thread_blocked, id=4416, stack(0x0000000035340000,0x00000000353c0000)]
  0x000000000f6d3800 JavaThread "Code Analyzer updating thread" [_thread_blocked, id=6944, stack(0x00000000344c0000,0x0000000034540000)]
  0x000000000f6dc800 JavaThread "pool-2-thread-1" [_thread_blocked, id=9104, stack(0x0000000034430000,0x00000000344b0000)]
  0x000000000f6dc000 JavaThread "Active Reference Queue Daemon" daemon [_thread_blocked, id=7604, stack(0x000000002f2d0000,0x000000002f350000)]
  0x000000000f6d8800 JavaThread "Timer-131" daemon [_thread_blocked, id=6504, stack(0x00000000352c0000,0x0000000035340000)]
  0x000000000f6d4000 JavaThread "Timer-6" daemon [_thread_blocked, id=1216, stack(0x00000000411e0000,0x0000000041260000)]
  0x000000000f6d7800 JavaThread "Prefs Updater" daemon [_thread_blocked, id=8084, stack(0x00000000309e0000,0x0000000030a60000)]
  0x000000000f6d7000 JavaThread "RequestQueue for GenericFileList" [_thread_blocked, id=5272, stack(0x00000000410b0000,0x0000000041130000)]
  0x000000000f6d5800 JavaThread "Timer-1" [_thread_blocked, id=9888, stack(0x000000002f370000,0x000000002f3f0000)]
  0x000000000f6d2000 JavaThread "FelixPackageAdmin" daemon [_thread_blocked, id=9828, stack(0x000000000fe30000,0x000000000feb0000)]
  0x000000000f6d1000 JavaThread "FelixStartLevel" daemon [_thread_blocked, id=7128, stack(0x00000000393e0000,0x0000000039460000)]
  0x000000000f962000 JavaThread "FelixDispatchQueue" daemon [_thread_blocked, id=9636, stack(0x000000002f440000,0x000000002f4c0000)]
  0x0000000033cfc000 JavaThread "TimerQueue" daemon [_thread_blocked, id=9460, stack(0x000000000fa30000,0x000000000fab0000)]
  0x000000000f63f000 JavaThread "AWT-EventQueue-0" [_thread_blocked, id=8684, stack(0x00000000298d0000,0x0000000029950000)]
  0x000000000f68e000 JavaThread "AWT-Shutdown" [_thread_blocked, id=4868, stack(0x000000000fac0000,0x000000000fb40000)]
  0x0000000002260800 JavaThread "com.google.common.base.internal.Finalizer" daemon [_thread_blocked, id=9220, stack(0x000000000fb80000,0x000000000fc00000)]
  0x000000000225d800 JavaThread "AWT-Windows" daemon [_thread_blocked, id=3280, stack(0x000000000fc90000,0x000000000fd10000)]
  0x0000000033ab3000 JavaThread "Java2D Disposer" daemon [_thread_blocked, id=6156, stack(0x000000000be90000,0x000000000bf10000)]
  0x000000000f80a000 JavaThread "Timer-0" [_thread_blocked, id=6684, stack(0x00000000090d0000,0x0000000009150000)]
  0x000000000f7c8000 JavaThread "JMI Unnamed Thread" [_thread_in_native, id=7204, stack(0x00000000060e0000,0x00000000075e0000)]
  0x000000000f47d800 JavaThread "Low Memory Detector" daemon [_thread_blocked, id=2792, stack(0x000000000f5a0000,0x000000000f620000)]
  0x000000000f476000 JavaThread "CompilerThread1" daemon [_thread_blocked, id=7064, stack(0x0000000030a70000,0x0000000031f70000)]
  0x000000000f46b000 JavaThread "CompilerThread0" daemon [_thread_blocked, id=9672, stack(0x000000002f4c0000,0x00000000309c0000)]
  0x000000000f469800 JavaThread "Attach Listener" daemon [_thread_blocked, id=8856, stack(0x000000000a810000,0x000000000a890000)]
  0x0000000002269800 JavaThread "Finalizer" daemon [_thread_blocked, id=6464, stack(0x000000000bdf0000,0x000000000be70000)]
  0x000000000f415800 JavaThread "Reference Handler" daemon [_thread_blocked, id=3596, stack(0x0000000009150000,0x00000000091d0000)]
  0x000000000216f800 JavaThread "main" [_thread_in_native, id=7184, stack(0x0000000000050000,0x0000000001550000)]

Other Threads:
=>0x000000000f412000 VMThread [stack: 0x000000002ddd0000,0x000000002f2d0000] [id=7232]
  0x000000000f481800 WatcherThread [stack: 0x0000000032140000,0x0000000033640000] [id=3448]

VM state:at safepoint (normal execution)

VM Mutex/Monitor currently owned by a thread:  ([mutex/lock_event])
[0x00000000021b0be0] Threads_lock - owner thread: 0x000000000f412000
[0x00000000021b10e0] Heap_lock - owner thread: 0x000000000f6d7000

Heap
 PSYoungGen      total 31680K, used 2304K [0x0000000025250000, 0x0000000028200000, 0x0000000028350000)
  eden space 29376K, 0% used [0x0000000025250000,0x0000000025250000,0x0000000026f00000)
  from space 2304K, 100% used [0x0000000027620000,0x0000000027860000,0x0000000027860000)
  to   space 7296K, 0% used [0x0000000026f00000,0x0000000026f00000,0x0000000027620000)
 PSOldGen        total 95936K, used 93840K [0x000000001bf50000, 0x0000000021d00000, 0x0000000025250000)
  object space 95936K, 97% used [0x000000001bf50000,0x0000000021af4388,0x0000000021d00000)
 PSPermGen       total 92992K, used 65267K [0x0000000013f50000, 0x0000000019a20000, 0x000000001bf50000)
  object space 92992K, 70% used [0x0000000013f50000,0x0000000017f0cd58,0x0000000019a20000)

Dynamic libraries:
0x000000013f510000 - 0x000000013f539000 	C:\Program Files\MATLAB\R2011a\bin\win64\MATLAB.exe
0x0000000077640000 - 0x00000000777e9000 	C:\windows\SYSTEM32\ntdll.dll
0x0000000076f60000 - 0x000000007707f000 	C:\windows\system32\kernel32.dll
0x000007fefcfa0000 - 0x000007fefd00c000 	C:\windows\system32\KERNELBASE.dll
0x0000000074460000 - 0x0000000074569000 	C:\Program Files\MATLAB\R2011a\bin\win64\libut.dll
0x00000000758a0000 - 0x0000000075920000 	C:\Program Files\MATLAB\R2011a\bin\win64\libmwi18n.dll
0x0000000180000000 - 0x000000018000b000 	C:\Program Files\MATLAB\R2011a\bin\win64\libmwresource_core.dll
0x000000006f4f0000 - 0x000000006f5c3000 	C:\windows\WinSxS\amd64_microsoft.vc90.crt_1fc8b3b9a1e18e3b_9.0.30729.6161_none_08e61857a83bc251\MSVCP90.dll
0x00000000711f0000 - 0x0000000071293000 	C:\windows\WinSxS\amd64_microsoft.vc90.crt_1fc8b3b9a1e18e3b_9.0.30729.6161_none_08e61857a83bc251\MSVCR90.dll
0x000000007a3b0000 - 0x000000007a3c0000 	C:\Program Files\MATLAB\R2011a\bin\win64\boost_date_time-vc90-mt-1_40.dll
0x000000007a170000 - 0x000000007a189000 	C:\Program Files\MATLAB\R2011a\bin\win64\boost_filesystem-vc90-mt-1_40.dll
0x000000007a560000 - 0x000000007a569000 	C:\Program Files\MATLAB\R2011a\bin\win64\boost_system-vc90-mt-1_40.dll
0x000000007a2d0000 - 0x000000007a2e2000 	C:\Program Files\MATLAB\R2011a\bin\win64\boost_thread-vc90-mt-1_40.dll
0x000000007a010000 - 0x000000007a035000 	C:\Program Files\MATLAB\R2011a\bin\win64\LIBEXPAT.dll
0x00000000739d0000 - 0x0000000073b8c000 	C:\Program Files\MATLAB\R2011a\bin\win64\icuin42.dll
0x00000000740b0000 - 0x0000000074223000 	C:\Program Files\MATLAB\R2011a\bin\win64\icuuc42.dll
0x000007fefec90000 - 0x000007fefed6b000 	C:\windows\system32\ADVAPI32.dll
0x000007fefd750000 - 0x000007fefd7ef000 	C:\windows\system32\msvcrt.dll
0x000007fefd6b0000 - 0x000007fefd6cf000 	C:\windows\SYSTEM32\sechost.dll
0x000007fefda90000 - 0x000007fefdbbd000 	C:\windows\system32\RPCRT4.dll
0x0000000010000000 - 0x0000000010f47000 	C:\Program Files\MATLAB\R2011a\bin\win64\icudt42.dll
0x0000000073f70000 - 0x000000007407d000 	C:\Program Files\MATLAB\R2011a\bin\win64\libmwfl.dll
0x0000000001770000 - 0x0000000001803000 	C:\Program Files\MATLAB\R2011a\bin\win64\libmwMATLAB_res.dll
0x000000007a250000 - 0x000000007a263000 	C:\Program Files\MATLAB\R2011a\bin\win64\boost_signals-vc90-mt-1_40.dll
0x0000000001830000 - 0x0000000001876000 	C:\Program Files\MATLAB\R2011a\bin\win64\tbb.dll
0x000007fefd7f0000 - 0x000007fefd809000 	C:\windows\system32\imagehlp.dll
0x0000000077800000 - 0x0000000077807000 	C:\windows\system32\PSAPI.DLL
0x000000007a3d0000 - 0x000000007a3e3000 	C:\Program Files\MATLAB\R2011a\bin\win64\icuio42.dll
0x000007fef8c10000 - 0x000007fef8d35000 	C:\windows\system32\dbghelp.dll
0x00000000773f0000 - 0x00000000774ea000 	C:\windows\system32\USER32.dll
0x000007fefd810000 - 0x000007fefd877000 	C:\windows\system32\GDI32.dll
0x000007fefd600000 - 0x000007fefd60e000 	C:\windows\system32\LPK.dll
0x000007fefd490000 - 0x000007fefd559000 	C:\windows\system32\USP10.dll
0x000000007bed0000 - 0x000000007c0f5000 	C:\Program Files\MATLAB\R2011a\bin\win64\libmwservices.dll
0x0000000075a20000 - 0x0000000075ab2000 	C:\Program Files\MATLAB\R2011a\bin\win64\libmx.dll
0x000000007a210000 - 0x000000007a226000 	C:\Program Files\MATLAB\R2011a\bin\win64\zlib1.dll
0x0000000074330000 - 0x000000007444b000 	C:\Program Files\MATLAB\R2011a\bin\win64\libmwmathutil.dll
0x000000006f7a0000 - 0x000000006f7f4000 	C:\Program Files\MATLAB\R2011a\bin\win64\mpath.dll
0x000000007b680000 - 0x000000007b982000 	C:\Program Files\MATLAB\R2011a\bin\win64\mlutil.dll
0x000000006e900000 - 0x000000006e982000 	C:\Program Files\MATLAB\R2011a\bin\win64\xmlcore.dll
0x000000007bc30000 - 0x000000007be83000 	C:\Program Files\MATLAB\R2011a\bin\win64\xerces-c_2_7.dll
0x000007fefec10000 - 0x000007fefec5d000 	C:\windows\system32\WS2_32.dll
0x000007fefed70000 - 0x000007fefed78000 	C:\windows\system32\NSI.dll
0x000007fefde80000 - 0x000007fefec08000 	C:\windows\system32\SHELL32.dll
0x000007fefdc20000 - 0x000007fefdc91000 	C:\windows\system32\SHLWAPI.dll
0x000007fef6680000 - 0x000007fef6720000 	C:\windows\WinSxS\amd64_microsoft.windows.common-controls_6595b64144ccf1df_5.82.7601.17514_none_a4d6a923711520a9\COMCTL32.dll
0x000007fefd610000 - 0x000007fefd6a7000 	C:\windows\system32\COMDLG32.dll
0x000007fefaaa0000 - 0x000007fefaab6000 	C:\windows\system32\NETAPI32.dll
0x000007fefaa90000 - 0x000007fefaa9c000 	C:\windows\system32\netutils.dll
0x000007fefcc30000 - 0x000007fefcc53000 	C:\windows\system32\srvcli.dll
0x000007fefaa70000 - 0x000007fefaa85000 	C:\windows\system32\wkscli.dll
0x000007fefd880000 - 0x000007fefda83000 	C:\windows\system32\ole32.dll
0x000007fefd3b0000 - 0x000007fefd487000 	C:\windows\system32\OLEAUT32.dll
0x0000000074970000 - 0x0000000074a34000 	C:\Program Files\MATLAB\R2011a\bin\win64\mcr.dll
0x0000000075000000 - 0x00000000750e4000 	C:\Program Files\MATLAB\R2011a\bin\win64\iqm.dll
0x00000000689d0000 - 0x000000006916c000 	C:\Program Files\MATLAB\R2011a\bin\win64\m_interpreter.dll
0x0000000074d10000 - 0x0000000074d1f000 	C:\Program Files\MATLAB\R2011a\bin\win64\libmex.dll
0x000000006d710000 - 0x000000006d7b4000 	C:\Program Files\MATLAB\R2011a\bin\win64\m_dispatcher.dll
0x0000000074880000 - 0x0000000074945000 	C:\Program Files\MATLAB\R2011a\bin\win64\boost_regex-vc90-mt-1_40.dll
0x000000006f720000 - 0x000000006f79f000 	C:\Program Files\MATLAB\R2011a\bin\win64\profiler.dll
0x0000000079f40000 - 0x0000000079f6c000 	C:\Program Files\MATLAB\R2011a\bin\win64\libmwmathrng.dll
0x0000000074590000 - 0x00000000745b0000 	C:\Program Files\MATLAB\R2011a\bin\win64\m_pcodeio.dll
0x0000000079b10000 - 0x0000000079b71000 	C:\Program Files\MATLAB\R2011a\bin\win64\m_ir.dll
0x000000005a4d0000 - 0x000000005ab0b000 	C:\Program Files\MATLAB\R2011a\bin\win64\m_parser.dll
0x00000000019c0000 - 0x00000000019d9000 	C:\Program Files\MATLAB\R2011a\bin\win64\ir_xfmr.dll
0x000000006c980000 - 0x000000006cbcb000 	C:\Program Files\MATLAB\R2011a\bin\win64\mcos.dll
0x0000000001a00000 - 0x0000000001a0c000 	C:\Program Files\MATLAB\R2011a\bin\win64\mtok.dll
0x0000000074250000 - 0x000000007427b000 	C:\Program Files\MATLAB\R2011a\bin\win64\m_pcodegen.dll
0x0000000076160000 - 0x00000000761c2000 	C:\Program Files\MATLAB\R2011a\bin\win64\libmwspmatrix.dll
0x0000000079fb0000 - 0x0000000079fde000 	C:\Program Files\MATLAB\R2011a\bin\win64\libmwbridge.dll
0x000000006c8c0000 - 0x000000006c979000 	C:\Program Files\MATLAB\R2011a\bin\win64\udd.dll
0x00000000696e0000 - 0x0000000069821000 	C:\Program Files\MATLAB\R2011a\bin\win64\libmwgui.dll
0x0000000001a70000 - 0x0000000001a87000 	C:\Program Files\MATLAB\R2011a\bin\win64\graphics_util.dll
0x0000000059c50000 - 0x000000005a4d0000 	C:\Program Files\MATLAB\R2011a\bin\win64\hg.dll
0x0000000076100000 - 0x000000007614f000 	C:\Program Files\MATLAB\R2011a\bin\win64\libmat.dll
0x0000000072d30000 - 0x0000000072f33000 	C:\Program Files\MATLAB\R2011a\bin\win64\libhdf5.dll
0x000000006c840000 - 0x000000006c8bb000 	C:\Program Files\MATLAB\R2011a\bin\win64\jmi.dll
0x0000000001ae0000 - 0x0000000001aee000 	C:\Program Files\MATLAB\R2011a\bin\win64\nativejava_services.dll
0x0000000073c50000 - 0x0000000073c8c000 	C:\Program Files\MATLAB\R2011a\bin\win64\libmwhardcopy.dll
0x000000006d6b0000 - 0x000000006d708000 	C:\Program Files\MATLAB\R2011a\bin\win64\libuij.dll
0x0000000066720000 - 0x0000000066903000 	C:\Program Files\MATLAB\R2011a\bin\win64\hgdatatypes.dll
0x0000000065e60000 - 0x0000000065f1c000 	C:\Program Files\MATLAB\R2011a\bin\win64\hgutils.dll
0x0000000068950000 - 0x00000000689cc000 	C:\Program Files\MATLAB\R2011a\bin\win64\libmwlapack.dll
0x0000000001b50000 - 0x0000000001b62000 	C:\Program Files\MATLAB\R2011a\bin\win64\libmwbinder.dll
0x0000000001b80000 - 0x0000000001b8b000 	C:\Program Files\MATLAB\R2011a\bin\win64\libmwompwrapper.dll
0x0000000001ba0000 - 0x0000000001e64000 	C:\Program Files\MATLAB\R2011a\bin\win64\uiw.dll
0x0000000074240000 - 0x000000007424a000 	C:\Program Files\MATLAB\R2011a\bin\win64\uinone.dll
0x0000000059760000 - 0x0000000059c44000 	C:\windows\WinSxS\amd64_microsoft.vc90.mfc_1fc8b3b9a1e18e3b_9.0.30729.6161_none_044aad0bab1eb146\mfc90.dll
0x000007fefa670000 - 0x000007fefa677000 	C:\windows\system32\MSIMG32.dll
0x000007fefabe0000 - 0x000007fefac51000 	C:\windows\system32\WINSPOOL.DRV
0x0000000065d20000 - 0x0000000065dc9000 	C:\Program Files\MATLAB\R2011a\bin\win64\udd_mi.dll
0x0000000073bf0000 - 0x0000000073c0b000 	C:\Program Files\MATLAB\R2011a\bin\win64\mwoles05.DLL
0x0000000067750000 - 0x00000000677be000 	C:\Program Files\MATLAB\R2011a\bin\win64\comcli.dll
0x000000006f0c0000 - 0x000000006f0ef000 	C:\windows\WinSxS\amd64_microsoft.vc90.atl_1fc8b3b9a1e18e3b_9.0.30729.6161_none_0a1fd3a3a768b895\ATL90.DLL
0x0000000001ec0000 - 0x0000000001ecc000 	C:\Program Files\MATLAB\R2011a\bin\win64\mlautoregister.dll
0x0000000001ee0000 - 0x0000000001eed000 	C:\Program Files\MATLAB\R2011a\bin\win64\boost_iostreams-vc90-mt-1_40.dll
0x000007fefec60000 - 0x000007fefec8e000 	C:\windows\system32\IMM32.DLL
0x000007fefd2a0000 - 0x000007fefd3a9000 	C:\windows\system32\MSCTF.dll
0x000007fefb910000 - 0x000007fefb966000 	C:\windows\system32\UxTheme.dll
0x000007fefb4e0000 - 0x000007fefb4f8000 	C:\windows\system32\dwmapi.dll
0x0000000073e90000 - 0x0000000073e9d000 	C:\windows\WinSxS\amd64_microsoft.vc90.mfcloc_1fc8b3b9a1e18e3b_9.0.30729.6161_none_01c9581e60cbee58\MFC90ENU.DLL
0x0000000002090000 - 0x00000000020b9000 	C:\Program Files\MATLAB\R2011a\bin\win64\tbbmalloc.dll
0x000007fefced0000 - 0x000007fefcedf000 	C:\windows\system32\profapi.dll
0x000007fef9dc0000 - 0x000007fef9de7000 	C:\windows\system32\iphlpapi.dll
0x000007fef9df0000 - 0x000007fef9dfb000 	C:\windows\system32\WINNSI.DLL
0x000007fefc560000 - 0x000007fefc5bb000 	C:\windows\system32\DNSAPI.dll
0x000007fef9a90000 - 0x000007fef9aa8000 	C:\windows\system32\dhcpcsvc.DLL
0x000007fef9a30000 - 0x000007fef9a41000 	C:\windows\system32\dhcpcsvc6.DLL
0x0000000073be0000 - 0x0000000073be3000 	C:\windows\system32\icmp.Dll
0x000007fefcdc0000 - 0x000007fefcdcf000 	C:\windows\system32\CRYPTBASE.dll
0x000007fefd050000 - 0x000007fefd086000 	C:\windows\system32\CFGMGR32.dll
0x0000000078870000 - 0x0000000078ecd000 	C:\Program Files\MATLAB\R2011a\sys\java\jre\win64\jre\bin\server\jvm.dll
0x000007fefaa10000 - 0x000007fefaa4b000 	C:\windows\system32\WINMM.dll
0x000000007a440000 - 0x000000007a44e000 	C:\Program Files\MATLAB\R2011a\sys\java\jre\win64\jre\bin\verify.dll
0x000000007a070000 - 0x000000007a097000 	C:\Program Files\MATLAB\R2011a\sys\java\jre\win64\jre\bin\java.dll
0x00000000040c0000 - 0x00000000040ca000 	C:\Program Files (x86)\Lenovo\Energy Management\BatteryTestDLL.dll
0x000000006eb90000 - 0x000000006ec59000 	C:\windows\WinSxS\amd64_microsoft.vc80.crt_1fc8b3b9a1e18e3b_8.0.50727.6195_none_88e41e092fab0294\MSVCR80.dll
0x000000007a540000 - 0x000000007a54a000 	C:\Program Files\MATLAB\R2011a\sys\java\jre\win64\jre\bin\hpi.dll
0x000000007a370000 - 0x000000007a382000 	C:\Program Files\MATLAB\R2011a\sys\java\jre\win64\jre\bin\zip.dll
0x0000000075b90000 - 0x0000000075bfb000 	C:\Program Files\MATLAB\R2011a\sys\java\jre\win64\jre\bin\fontmanager.dll
0x0000000073150000 - 0x0000000073311000 	C:\Program Files\MATLAB\R2011a\sys\java\jre\win64\jre\bin\awt.dll
0x0000000079cf0000 - 0x0000000079d36000 	C:\Program Files\MATLAB\R2011a\bin\win64\nativejmi.dll
0x000000007a600000 - 0x000000007a608000 	C:\Program Files\MATLAB\R2011a\bin\win64\nativeservices.dll
0x000000007a0d0000 - 0x000000007a0e8000 	C:\Program Files\MATLAB\R2011a\bin\win64\nativejava.dll
0x000007fefac60000 - 0x000007fefac78000 	C:\windows\system32\MPR.dll
0x000000007a230000 - 0x000000007a247000 	C:\Program Files\MATLAB\R2011a\sys\java\jre\win64\jre\bin\net.dll
0x000007fefc6d0000 - 0x000007fefc725000 	C:\windows\system32\mswsock.dll
0x000007fefc920000 - 0x000007fefc927000 	C:\windows\System32\wship6.dll

VM Arguments:
jvm_args: -Xss512k -XX:PermSize=32m -Xms64m -XX:NewRatio=3 -XX:MaxPermSize=128m -Xmx196m -XX:MaxDirectMemorySize=2147400000 -Dsun.java2d.noddraw=true -Dsun.awt.nopixfmt=true -Xshare:off -Xrs -Dsun.awt.disableMixing=true -Djava.library.path=C:\Program Files\MATLAB\R2011a\bin\win64 vfprintf abort 
java_command: <unknown>
Launcher Type: generic

Environment Variables:
PATH=C:\Program Files (x86)\NVIDIA Corporation\PhysX\Common;C:\Program Files\Common Files\Microsoft Shared\Windows Live;C:\Program Files (x86)\Common Files\Microsoft Shared\Windows Live;C:\windows\system32;C:\windows;C:\windows\System32\Wbem;C:\windows\System32\WindowsPowerShell\v1.0\;C:\Program Files\Lenovo\Bluetooth Software\;C:\Program Files\Lenovo\Bluetooth Software\syswow64;C:\Program Files (x86)\Windows Live\Shared;C:\Program Files\Java\jdk1.7.0_02\bin;C:\VXIPNP\WinNT\Bin;C:\Program Files (x86)\MiKTeX 2.9\miktex\bin\;C:\Program Files (x86)\Intel\OpenCL SDK\2.0\bin\x86;C:\Program Files (x86)\Intel\OpenCL SDK\2.0\bin\x64;C:\Dev-Cpp\bin;C:\Python27;C:\Program Files\MATLAB\R2011a\runtime\win64;C:\Program Files\MATLAB\R2011a\bin;C:\Program Files (x86)\Intel\OpenCL SDK\2.0\bin\x86;C:\Program Files (x86)\Intel\OpenCL SDK\2.0\bin\x64;C:\Program Files (x86)\Intel\OpenCL SDK\2.0\bin\x86;C:\Program Files (x86)\Intel\OpenCL SDK\2.0\bin\x64;C:\Program Files\Calibre2\
USERNAME=arjun
OS=Windows_NT
PROCESSOR_IDENTIFIER=Intel64 Family 6 Model 42 Stepping 7, GenuineIntel



---------------  S Y S T E M  ---------------

OS: Windows 7 Build 7601 Service Pack 1

CPU:total 4 (8 cores per cpu, 2 threads per core) family 6 model 42 stepping 7, cmov, cx8, fxsr, mmx, sse, sse2, sse3, ssse3, sse4.1, sse4.2, ht

Memory: 4k page, physical 4136816k(1227260k free), swap 8271776k(3815984k free)

vm_info: Java HotSpot(TM) 64-Bit Server VM (14.3-b01) for windows-amd64 JRE (1.6.0_17-b04), built on Oct 11 2009 00:46:08 by "java_re" with MS VC++ 8.0

time: Fri Mar 22 23:37:51 2013
elapsed time: 102426 seconds

